[2025-05-07 15:36:25,328] [WARNING] logistics_app: [Redis] Connection failed. Caching will be disabled.
[2025-05-07 15:36:28,624] [INFO] logistics_app: Models initialized successfully.
[2025-05-07 15:36:28,625] [INFO] logistics_app: App initialized with Models, Redis, and Migrate.
[2025-05-07 15:36:31,720] [WARNING] logistics_app: [Redis] Connection failed. Caching will be disabled.
[2025-05-07 15:36:33,812] [INFO] logistics_app: Models initialized successfully.
[2025-05-07 15:36:33,813] [INFO] logistics_app: App initialized with Models, Redis, and Migrate.
[2025-05-07 15:36:59,366] [INFO] logistics_app: Retrieved 20 active drivers.
[2025-05-07 15:37:30,402] [INFO] logistics_app: Retrieved 20 active drivers.
[2025-05-07 15:37:35,475] [INFO] logistics_app: Retrieved 20 active drivers.
[2025-05-07 15:38:30,388] [INFO] logistics_app: Retrieved 20 active drivers.
[2025-05-07 15:38:35,472] [INFO] logistics_app: Retrieved 20 active drivers.
[2025-05-07 15:39:30,388] [INFO] logistics_app: Retrieved 20 active drivers.
[2025-05-07 15:39:35,474] [INFO] logistics_app: Retrieved 20 active drivers.
[2025-05-07 15:40:30,387] [INFO] logistics_app: Retrieved 20 active drivers.
[2025-05-07 15:40:35,471] [INFO] logistics_app: Retrieved 20 active drivers.
[2025-05-07 15:41:30,387] [INFO] logistics_app: Retrieved 20 active drivers.
[2025-05-07 15:41:35,472] [INFO] logistics_app: Retrieved 20 active drivers.
[2025-05-07 15:42:30,387] [INFO] logistics_app: Retrieved 20 active drivers.
[2025-05-07 15:42:35,472] [INFO] logistics_app: Retrieved 20 active drivers.
[2025-05-07 15:43:30,387] [INFO] logistics_app: Retrieved 20 active drivers.
[2025-05-07 15:43:35,471] [INFO] logistics_app: Retrieved 20 active drivers.
[2025-05-07 15:44:30,387] [INFO] logistics_app: Retrieved 20 active drivers.
[2025-05-07 15:44:35,472] [INFO] logistics_app: Retrieved 20 active drivers.
[2025-05-07 15:45:30,387] [INFO] logistics_app: Retrieved 20 active drivers.
[2025-05-07 15:45:35,474] [INFO] logistics_app: Retrieved 20 active drivers.
[2025-05-07 15:46:30,388] [INFO] logistics_app: Retrieved 20 active drivers.
[2025-05-07 15:46:35,480] [INFO] logistics_app: Retrieved 20 active drivers.
[2025-05-07 15:47:30,387] [INFO] logistics_app: Retrieved 20 active drivers.
[2025-05-07 15:47:35,471] [INFO] logistics_app: Retrieved 20 active drivers.
[2025-05-07 15:48:30,387] [INFO] logistics_app: Retrieved 20 active drivers.
[2025-05-07 15:48:35,471] [INFO] logistics_app: Retrieved 20 active drivers.
[2025-05-07 15:49:30,387] [INFO] logistics_app: Retrieved 20 active drivers.
[2025-05-07 15:49:35,472] [INFO] logistics_app: Retrieved 20 active drivers.
[2025-05-07 15:50:30,387] [INFO] logistics_app: Retrieved 20 active drivers.
[2025-05-07 15:50:35,472] [INFO] logistics_app: Retrieved 20 active drivers.
[2025-05-07 15:51:30,387] [INFO] logistics_app: Retrieved 20 active drivers.
[2025-05-07 15:51:35,472] [INFO] logistics_app: Retrieved 20 active drivers.
[2025-05-07 15:52:30,387] [INFO] logistics_app: Retrieved 20 active drivers.
[2025-05-07 15:52:35,472] [INFO] logistics_app: Retrieved 20 active drivers.
[2025-05-07 15:53:30,387] [INFO] logistics_app: Retrieved 20 active drivers.
[2025-05-07 15:53:35,472] [INFO] logistics_app: Retrieved 20 active drivers.
[2025-05-07 15:54:30,387] [INFO] logistics_app: Retrieved 20 active drivers.
[2025-05-07 15:54:35,474] [INFO] logistics_app: Retrieved 20 active drivers.
[2025-05-07 15:55:30,387] [INFO] logistics_app: Retrieved 20 active drivers.
[2025-05-07 15:55:35,471] [INFO] logistics_app: Retrieved 20 active drivers.
[2025-05-07 15:56:30,388] [INFO] logistics_app: Retrieved 20 active drivers.
[2025-05-07 15:56:35,471] [INFO] logistics_app: Retrieved 20 active drivers.
[2025-05-07 15:57:30,388] [INFO] logistics_app: Retrieved 20 active drivers.
[2025-05-07 15:57:35,472] [INFO] logistics_app: Retrieved 20 active drivers.
[2025-05-07 15:58:30,387] [INFO] logistics_app: Retrieved 20 active drivers.
[2025-05-07 15:58:35,472] [INFO] logistics_app: Retrieved 20 active drivers.
[2025-05-07 15:59:25,388] [WARNING] logistics_app: [Redis] Connection failed. Caching will be disabled.
[2025-05-07 15:59:28,659] [INFO] logistics_app: Models initialized successfully.
[2025-05-07 15:59:28,659] [INFO] logistics_app: App initialized with Models, Redis, and Migrate.
[2025-05-07 15:59:30,389] [INFO] logistics_app: Retrieved 20 active drivers.
[2025-05-07 15:59:40,612] [WARNING] logistics_app: [Redis] Connection failed. Caching will be disabled.
[2025-05-07 15:59:42,643] [INFO] logistics_app: Models initialized successfully.
[2025-05-07 15:59:42,644] [INFO] logistics_app: App initialized with Models, Redis, and Migrate.
[2025-05-07 16:00:49,030] [WARNING] logistics_app: [Redis] Connection failed. Caching will be disabled.
[2025-05-07 16:00:51,621] [INFO] logistics_app: Models initialized successfully.
[2025-05-07 16:00:51,621] [INFO] logistics_app: App initialized with Models, Redis, and Migrate.
[2025-05-07 16:00:54,342] [WARNING] logistics_app: [Redis] Connection failed. Caching will be disabled.
[2025-05-07 16:00:56,244] [INFO] logistics_app: Models initialized successfully.
[2025-05-07 16:00:56,245] [INFO] logistics_app: App initialized with Models, Redis, and Migrate.
[2025-05-07 16:01:28,452] [WARNING] logistics_app: [Redis] Connection failed. Caching will be disabled.
[2025-05-07 16:01:30,536] [INFO] logistics_app: Models initialized successfully.
[2025-05-07 16:01:30,537] [INFO] logistics_app: App initialized with Models, Redis, and Migrate.
[2025-05-07 16:01:52,977] [INFO] logistics_app: Retrieved 20 active drivers.
[2025-05-07 16:02:25,248] [WARNING] logistics_app: [Redis] Connection failed. Caching will be disabled.
[2025-05-07 16:02:40,692] [WARNING] logistics_app: [Redis] Connection failed. Caching will be disabled.
[2025-05-07 16:02:42,980] [INFO] logistics_app: Models initialized successfully.
[2025-05-07 16:02:42,980] [INFO] logistics_app: App initialized with Models, Redis, and Migrate.
[2025-05-07 16:02:45,795] [WARNING] logistics_app: [Redis] Connection failed. Caching will be disabled.
[2025-05-07 16:02:47,791] [INFO] logistics_app: Models initialized successfully.
[2025-05-07 16:02:47,792] [INFO] logistics_app: App initialized with Models, Redis, and Migrate.
[2025-05-07 16:03:44,364] [WARNING] logistics_app: [Redis] Connection failed. Caching will be disabled.
[2025-05-07 16:03:44,615] [INFO] logistics_app: Retrieved 20 active drivers.
[2025-05-07 16:03:46,762] [INFO] logistics_app: Models initialized successfully.
[2025-05-07 16:03:46,763] [INFO] logistics_app: App initialized with Models, Redis, and Migrate.
[2025-05-07 16:04:44,599] [INFO] logistics_app: Retrieved 20 active drivers.
[2025-05-07 16:04:48,304] [INFO] logistics_app: Retrieved 20 active drivers.
[2025-05-07 16:05:44,600] [INFO] logistics_app: Retrieved 20 active drivers.
[2025-05-07 16:05:48,297] [INFO] logistics_app: Retrieved 20 active drivers.
[2025-05-07 16:06:44,602] [INFO] logistics_app: Retrieved 20 active drivers.
[2025-05-07 16:06:48,296] [INFO] logistics_app: Retrieved 20 active drivers.
[2025-05-07 16:07:44,599] [INFO] logistics_app: Retrieved 20 active drivers.
[2025-05-07 16:07:48,296] [INFO] logistics_app: Retrieved 20 active drivers.
[2025-05-07 16:08:44,600] [INFO] logistics_app: Retrieved 20 active drivers.
[2025-05-07 16:08:48,298] [INFO] logistics_app: Retrieved 20 active drivers.
[2025-05-07 16:09:39,344] [WARNING] logistics_app: [Redis] Connection failed. Caching will be disabled.
[2025-05-07 16:09:42,149] [INFO] logistics_app: Models initialized successfully.
[2025-05-07 16:09:42,150] [INFO] logistics_app: App initialized with Models, Redis, and Migrate.
[2025-05-07 16:09:44,600] [INFO] logistics_app: Retrieved 20 active drivers.
[2025-05-07 16:09:51,216] [WARNING] logistics_app: [Redis] Connection failed. Caching will be disabled.
[2025-05-07 16:09:53,828] [INFO] logistics_app: Models initialized successfully.
[2025-05-07 16:09:53,829] [INFO] logistics_app: App initialized with Models, Redis, and Migrate.
[2025-05-07 16:09:56,696] [WARNING] logistics_app: [Redis] Connection failed. Caching will be disabled.
[2025-05-07 16:09:58,743] [INFO] logistics_app: Models initialized successfully.
[2025-05-07 16:09:58,744] [INFO] logistics_app: App initialized with Models, Redis, and Migrate.
[2025-05-07 16:10:30,484] [WARNING] logistics_app: [Redis] Connection failed. Caching will be disabled.
[2025-05-07 16:10:32,577] [INFO] logistics_app: Models initialized successfully.
[2025-05-07 16:10:32,577] [INFO] logistics_app: App initialized with Models, Redis, and Migrate.
[2025-05-07 16:10:55,259] [INFO] logistics_app: Retrieved 20 active drivers.
[2025-05-07 16:11:34,015] [INFO] logistics_app: Retrieved 20 active drivers.
[2025-05-07 16:11:39,314] [WARNING] logistics_app: [Redis] Connection failed. Caching will be disabled.
[2025-05-07 16:11:42,036] [INFO] logistics_app: Models initialized successfully.
[2025-05-07 16:11:42,037] [INFO] logistics_app: App initialized with Models, Redis, and Migrate.
[2025-05-07 16:11:55,240] [INFO] logistics_app: Retrieved 20 active drivers.
[2025-05-07 16:12:43,534] [INFO] logistics_app: Retrieved 20 active drivers.
[2025-05-07 16:12:55,238] [INFO] logistics_app: Retrieved 20 active drivers.
[2025-05-07 16:13:43,524] [INFO] logistics_app: Retrieved 20 active drivers.
[2025-05-07 16:13:55,238] [INFO] logistics_app: Retrieved 20 active drivers.
[2025-05-07 16:14:25,747] [WARNING] logistics_app: [Redis] Connection failed. Caching will be disabled.
[2025-05-07 16:14:28,400] [INFO] logistics_app: Models initialized successfully.
[2025-05-07 16:14:28,401] [INFO] logistics_app: App initialized with Models, Redis, and Migrate.
[2025-05-07 16:14:55,238] [INFO] logistics_app: Retrieved 20 active drivers.
[2025-05-07 16:14:55,539] [WARNING] logistics_app: [Redis] Connection failed. Caching will be disabled.
[2025-05-07 16:14:58,305] [INFO] logistics_app: Models initialized successfully.
[2025-05-07 16:14:58,305] [INFO] logistics_app: App initialized with Models, Redis, and Migrate.
[2025-05-07 16:15:55,238] [INFO] logistics_app: Retrieved 20 active drivers.
[2025-05-07 16:15:59,924] [INFO] logistics_app: Retrieved 20 active drivers.
[2025-05-07 16:16:55,237] [INFO] logistics_app: Retrieved 20 active drivers.
[2025-05-07 16:16:59,918] [INFO] logistics_app: Retrieved 20 active drivers.
[2025-05-07 16:17:55,237] [INFO] logistics_app: Retrieved 20 active drivers.
[2025-05-07 16:17:59,916] [INFO] logistics_app: Retrieved 20 active drivers.
[2025-05-07 16:18:55,237] [INFO] logistics_app: Retrieved 20 active drivers.
[2025-05-07 16:18:59,915] [INFO] logistics_app: Retrieved 20 active drivers.
[2025-05-07 16:19:55,238] [INFO] logistics_app: Retrieved 20 active drivers.
[2025-05-07 16:19:59,915] [INFO] logistics_app: Retrieved 20 active drivers.
[2025-05-07 16:20:55,237] [INFO] logistics_app: Retrieved 20 active drivers.
[2025-05-07 16:20:59,916] [INFO] logistics_app: Retrieved 20 active drivers.
[2025-05-07 16:21:55,237] [INFO] logistics_app: Retrieved 20 active drivers.
[2025-05-07 16:21:59,915] [INFO] logistics_app: Retrieved 20 active drivers.
[2025-05-07 16:22:55,238] [INFO] logistics_app: Retrieved 20 active drivers.
[2025-05-07 16:22:59,916] [INFO] logistics_app: Retrieved 20 active drivers.
[2025-05-07 16:23:55,237] [INFO] logistics_app: Retrieved 20 active drivers.
[2025-05-07 16:23:59,915] [INFO] logistics_app: Retrieved 20 active drivers.
[2025-05-07 16:24:55,237] [INFO] logistics_app: Retrieved 20 active drivers.
[2025-05-07 16:24:59,916] [INFO] logistics_app: Retrieved 20 active drivers.
[2025-05-07 16:25:55,239] [INFO] logistics_app: Retrieved 20 active drivers.
[2025-05-07 16:25:59,918] [INFO] logistics_app: Retrieved 20 active drivers.
[2025-05-07 16:26:42,385] [WARNING] logistics_app: [Redis] Connection failed. Caching will be disabled.
[2025-05-07 16:26:45,353] [INFO] logistics_app: Models initialized successfully.
[2025-05-07 16:26:45,353] [INFO] logistics_app: App initialized with Models, Redis, and Migrate.
[2025-05-07 16:27:06,068] [WARNING] logistics_app: [Redis] Connection failed. Caching will be disabled.
[2025-05-07 16:27:08,130] [INFO] logistics_app: Models initialized successfully.
[2025-05-07 16:27:08,130] [INFO] logistics_app: App initialized with Models, Redis, and Migrate.
[2025-05-07 16:27:09,678] [INFO] logistics_app: status validated successfully: ResponseStatus.ACCEPTED
[2025-05-07 16:27:09,679] [INFO] logistics_app: reason validated successfully: None
[2025-05-07 16:27:09,687] [INFO] logistics_app: status validated successfully: ResponseStatus.REJECTED
[2025-05-07 16:27:09,687] [INFO] logistics_app: reason validated successfully: Human occur turn significant theory theory six.
[2025-05-07 16:27:09,691] [INFO] logistics_app: status validated successfully: ResponseStatus.ACCEPTED
[2025-05-07 16:27:09,692] [INFO] logistics_app: reason validated successfully: None
[2025-05-07 16:27:09,696] [INFO] logistics_app: status validated successfully: ResponseStatus.REJECTED
[2025-05-07 16:27:09,696] [INFO] logistics_app: reason validated successfully: Civil evidence family participant account.
[2025-05-07 16:27:09,700] [INFO] logistics_app: status validated successfully: ResponseStatus.REJECTED
[2025-05-07 16:27:09,701] [INFO] logistics_app: reason validated successfully: Field final require in many collection.
[2025-05-07 16:27:09,705] [INFO] logistics_app: status validated successfully: ResponseStatus.ACCEPTED
[2025-05-07 16:27:09,706] [INFO] logistics_app: reason validated successfully: None
[2025-05-07 16:27:09,710] [INFO] logistics_app: status validated successfully: ResponseStatus.ACCEPTED
[2025-05-07 16:27:09,711] [INFO] logistics_app: reason validated successfully: None
[2025-05-07 16:27:09,715] [INFO] logistics_app: status validated successfully: ResponseStatus.ACCEPTED
[2025-05-07 16:27:09,716] [INFO] logistics_app: reason validated successfully: None
[2025-05-07 16:27:09,720] [INFO] logistics_app: status validated successfully: ResponseStatus.REJECTED
[2025-05-07 16:27:09,720] [INFO] logistics_app: reason validated successfully: Art left watch glass.
[2025-05-07 16:27:09,732] [INFO] logistics_app: status validated successfully: ResponseStatus.REJECTED
[2025-05-07 16:27:09,733] [INFO] logistics_app: reason validated successfully: Hard either know national.
[2025-05-07 16:27:09,739] [INFO] logistics_app: status validated successfully: ResponseStatus.ACCEPTED
[2025-05-07 16:27:09,740] [INFO] logistics_app: reason validated successfully: None
[2025-05-07 16:27:09,746] [INFO] logistics_app: status validated successfully: ResponseStatus.ACCEPTED
[2025-05-07 16:27:09,747] [INFO] logistics_app: reason validated successfully: None
[2025-05-07 16:27:09,759] [INFO] logistics_app: status validated successfully: ResponseStatus.ACCEPTED
[2025-05-07 16:27:09,760] [INFO] logistics_app: reason validated successfully: None
[2025-05-07 16:27:09,764] [INFO] logistics_app: status validated successfully: ResponseStatus.REJECTED
[2025-05-07 16:27:09,765] [INFO] logistics_app: reason validated successfully: Current light account federal PM religious.
[2025-05-07 16:27:09,770] [INFO] logistics_app: status validated successfully: ResponseStatus.ACCEPTED
[2025-05-07 16:27:09,771] [INFO] logistics_app: reason validated successfully: None
[2025-05-07 16:27:09,795] [INFO] logistics_app: status validated successfully: ResponseStatus.ACCEPTED
[2025-05-07 16:27:09,796] [INFO] logistics_app: reason validated successfully: None
[2025-05-07 16:27:09,859] [INFO] logistics_app: status validated successfully: ResponseStatus.ACCEPTED
[2025-05-07 16:27:09,860] [INFO] logistics_app: reason validated successfully: None
[2025-05-07 16:27:09,882] [INFO] logistics_app: status validated successfully: ResponseStatus.REJECTED
[2025-05-07 16:27:09,882] [INFO] logistics_app: reason validated successfully: Personal moment necessary station government certainly.
[2025-05-07 16:27:16,062] [WARNING] logistics_app: [Redis] Connection failed. Caching will be disabled.
[2025-05-07 16:27:18,121] [INFO] logistics_app: Models initialized successfully.
[2025-05-07 16:27:18,121] [INFO] logistics_app: App initialized with Models, Redis, and Migrate.
[2025-05-07 16:27:21,302] [WARNING] logistics_app: [Redis] Connection failed. Caching will be disabled.
[2025-05-07 16:27:23,458] [INFO] logistics_app: Models initialized successfully.
[2025-05-07 16:27:23,459] [INFO] logistics_app: App initialized with Models, Redis, and Migrate.
[2025-05-07 16:28:19,742] [INFO] logistics_app: Retrieved 20 active drivers.
[2025-05-07 16:28:25,157] [INFO] logistics_app: Retrieved 20 active drivers.
[2025-05-07 16:28:49,886] [WARNING] logistics_app: [Redis] Connection failed. Caching will be disabled.
[2025-05-07 16:28:52,166] [INFO] logistics_app: Models initialized successfully.
[2025-05-07 16:28:52,166] [INFO] logistics_app: App initialized with Models, Redis, and Migrate.
[2025-05-07 16:30:40,969] [WARNING] logistics_app: [Redis] Connection failed. Caching will be disabled.
[2025-05-07 16:30:44,259] [INFO] logistics_app: Models initialized successfully.
[2025-05-07 16:30:44,260] [INFO] logistics_app: App initialized with Models, Redis, and Migrate.
[2025-05-07 16:30:47,058] [WARNING] logistics_app: [Redis] Connection failed. Caching will be disabled.
[2025-05-07 16:30:49,072] [INFO] logistics_app: Models initialized successfully.
[2025-05-07 16:30:49,072] [INFO] logistics_app: App initialized with Models, Redis, and Migrate.
[2025-05-07 16:31:45,681] [INFO] logistics_app: Retrieved 20 active drivers.
[2025-05-07 16:31:50,805] [INFO] logistics_app: Retrieved 20 active drivers.
[2025-05-07 16:32:45,668] [INFO] logistics_app: Retrieved 20 active drivers.
[2025-05-07 16:32:50,797] [INFO] logistics_app: Retrieved 20 active drivers.
[2025-05-07 16:33:45,668] [INFO] logistics_app: Retrieved 20 active drivers.
[2025-05-07 16:33:50,798] [INFO] logistics_app: Retrieved 20 active drivers.
